<?xml version="1.0" encoding="UTF-8"?>
<!-- Generated by org.testng.reporters.JUnitXMLReporter -->
<testsuite hostname="Arjunan" name="Default test" tests="4" failures="0" timestamp="1 Oct 2016 06:52:14 GMT" time="77.441" errors="0">
  <testcase name="testHomePage" time="19.278" classname="com.vmetry.ntl.testcases.HomePageTest"/>
  <testcase name="testHomePage" time="6.982" classname="com.vmetry.ntl.testcases.HomePageTest"/>
  <testcase name="testHomePage" time="7.598" classname="com.vmetry.ntl.testcases.HomePageTest"/>
  <testcase name="testHomePage" time="6.352" classname="com.vmetry.ntl.testcases.HomePageTest"/>
</testsuite> <!-- Default test -->
