<?xml version="1.0" encoding="UTF-8"?>
<testng-results skipped="0" failed="0" total="4" passed="4">
  <reporter-output>
  </reporter-output>
  <suite name="Default suite" duration-ms="77441" started-at="2016-10-01T06:50:56Z" finished-at="2016-10-01T06:52:13Z">
    <groups>
    </groups>
    <test name="Default test" duration-ms="77441" started-at="2016-10-01T06:50:56Z" finished-at="2016-10-01T06:52:13Z">
      <class name="com.vmetry.ntl.testcases.HomePageTest">
        <test-method status="PASS" signature="setUp()[pri:0, instance:com.vmetry.ntl.testcases.HomePageTest@d041cf]" name="setUp" is-config="true" duration-ms="24198" started-at="2016-10-01T12:20:56Z" finished-at="2016-10-01T12:21:20Z">
          <reporter-output>
          </reporter-output>
        </test-method> <!-- setUp -->
        <test-method status="PASS" signature="testHomePage(java.lang.String, java.lang.String, java.lang.String, java.lang.String, java.lang.String, java.lang.String)[pri:0, instance:com.vmetry.ntl.testcases.HomePageTest@d041cf]" name="testHomePage" duration-ms="19278" started-at="2016-10-01T12:21:26Z" data-provider="HomePageTest" finished-at="2016-10-01T12:21:45Z">
          <params>
            <param index="0">
              <value>
                <![CDATA[HomePageTest_DataSet2]]>
              </value>
            </param>
            <param index="1">
              <value>
                <![CDATA[vinoth]]>
              </value>
            </param>
            <param index="2">
              <value>
                <![CDATA[9898989898]]>
              </value>
            </param>
            <param index="3">
              <value>
                <![CDATA[adyar]]>
              </value>
            </param>
            <param index="4">
              <value>
                <![CDATA[adyar]]>
              </value>
            </param>
            <param index="5">
              <value>
                <![CDATA[Sedan]]>
              </value>
            </param>
          </params>
          <reporter-output>
          </reporter-output>
        </test-method> <!-- testHomePage -->
        <test-method status="PASS" signature="teardown(org.testng.ITestResult)[pri:0, instance:com.vmetry.ntl.testcases.HomePageTest@d041cf]" name="teardown" is-config="true" duration-ms="3468" started-at="2016-10-01T12:21:45Z" finished-at="2016-10-01T12:21:48Z">
          <params>
            <param index="0">
              <value>
                <![CDATA[[TestResult name=testHomePage status=SUCCESS method=HomePageTest.testHomePage(java.lang.String, java.lang.String, java.lang.String, java.lang.String, java.lang.String, java.lang.String)[pri:0, instance:com.vmetry.ntl.testcases.HomePageTest@d041cf] output={null}]]]>
              </value>
            </param>
          </params>
          <reporter-output>
          </reporter-output>
        </test-method> <!-- teardown -->
        <test-method status="PASS" signature="testHomePage(java.lang.String, java.lang.String, java.lang.String, java.lang.String, java.lang.String, java.lang.String)[pri:0, instance:com.vmetry.ntl.testcases.HomePageTest@d041cf]" name="testHomePage" duration-ms="6982" started-at="2016-10-01T12:21:48Z" data-provider="HomePageTest" finished-at="2016-10-01T12:21:55Z">
          <params>
            <param index="0">
              <value>
                <![CDATA[HomePageTest_DataSet3]]>
              </value>
            </param>
            <param index="1">
              <value>
                <![CDATA[kumar]]>
              </value>
            </param>
            <param index="2">
              <value>
                <![CDATA[1234567890]]>
              </value>
            </param>
            <param index="3">
              <value>
                <![CDATA[adyar]]>
              </value>
            </param>
            <param index="4">
              <value>
                <![CDATA[adyar]]>
              </value>
            </param>
            <param index="5">
              <value>
                <![CDATA[Sedan]]>
              </value>
            </param>
          </params>
          <reporter-output>
          </reporter-output>
        </test-method> <!-- testHomePage -->
        <test-method status="PASS" signature="teardown(org.testng.ITestResult)[pri:0, instance:com.vmetry.ntl.testcases.HomePageTest@d041cf]" name="teardown" is-config="true" duration-ms="1016" started-at="2016-10-01T12:21:55Z" finished-at="2016-10-01T12:21:56Z">
          <params>
            <param index="0">
              <value>
                <![CDATA[[TestResult name=testHomePage status=SUCCESS method=HomePageTest.testHomePage(java.lang.String, java.lang.String, java.lang.String, java.lang.String, java.lang.String, java.lang.String)[pri:0, instance:com.vmetry.ntl.testcases.HomePageTest@d041cf] output={null}]]]>
              </value>
            </param>
          </params>
          <reporter-output>
          </reporter-output>
        </test-method> <!-- teardown -->
        <test-method status="PASS" signature="testHomePage(java.lang.String, java.lang.String, java.lang.String, java.lang.String, java.lang.String, java.lang.String)[pri:0, instance:com.vmetry.ntl.testcases.HomePageTest@d041cf]" name="testHomePage" duration-ms="7598" started-at="2016-10-01T12:21:56Z" data-provider="HomePageTest" finished-at="2016-10-01T12:22:04Z">
          <params>
            <param index="0">
              <value>
                <![CDATA[HomePageTest_DataSet4]]>
              </value>
            </param>
            <param index="1">
              <value>
                <![CDATA[sunil]]>
              </value>
            </param>
            <param index="2">
              <value>
                <![CDATA[9876543210]]>
              </value>
            </param>
            <param index="3">
              <value>
                <![CDATA[adyar]]>
              </value>
            </param>
            <param index="4">
              <value>
                <![CDATA[adyar]]>
              </value>
            </param>
            <param index="5">
              <value>
                <![CDATA[Sedan]]>
              </value>
            </param>
          </params>
          <reporter-output>
          </reporter-output>
        </test-method> <!-- testHomePage -->
        <test-method status="PASS" signature="teardown(org.testng.ITestResult)[pri:0, instance:com.vmetry.ntl.testcases.HomePageTest@d041cf]" name="teardown" is-config="true" duration-ms="1798" started-at="2016-10-01T12:22:04Z" finished-at="2016-10-01T12:22:06Z">
          <params>
            <param index="0">
              <value>
                <![CDATA[[TestResult name=testHomePage status=SUCCESS method=HomePageTest.testHomePage(java.lang.String, java.lang.String, java.lang.String, java.lang.String, java.lang.String, java.lang.String)[pri:0, instance:com.vmetry.ntl.testcases.HomePageTest@d041cf] output={null}]]]>
              </value>
            </param>
          </params>
          <reporter-output>
          </reporter-output>
        </test-method> <!-- teardown -->
        <test-method status="PASS" signature="testHomePage(java.lang.String, java.lang.String, java.lang.String, java.lang.String, java.lang.String, java.lang.String)[pri:0, instance:com.vmetry.ntl.testcases.HomePageTest@d041cf]" name="testHomePage" duration-ms="6352" started-at="2016-10-01T12:22:06Z" data-provider="HomePageTest" finished-at="2016-10-01T12:22:12Z">
          <params>
            <param index="0">
              <value>
                <![CDATA[HomePageTest_DataSet5]]>
              </value>
            </param>
            <param index="1">
              <value>
                <![CDATA[hakkim]]>
              </value>
            </param>
            <param index="2">
              <value>
                <![CDATA[6789054321]]>
              </value>
            </param>
            <param index="3">
              <value>
                <![CDATA[adyar]]>
              </value>
            </param>
            <param index="4">
              <value>
                <![CDATA[adyar]]>
              </value>
            </param>
            <param index="5">
              <value>
                <![CDATA[Sedan]]>
              </value>
            </param>
          </params>
          <reporter-output>
          </reporter-output>
        </test-method> <!-- testHomePage -->
        <test-method status="PASS" signature="teardown(org.testng.ITestResult)[pri:0, instance:com.vmetry.ntl.testcases.HomePageTest@d041cf]" name="teardown" is-config="true" duration-ms="985" started-at="2016-10-01T12:22:12Z" finished-at="2016-10-01T12:22:13Z">
          <params>
            <param index="0">
              <value>
                <![CDATA[[TestResult name=testHomePage status=SUCCESS method=HomePageTest.testHomePage(java.lang.String, java.lang.String, java.lang.String, java.lang.String, java.lang.String, java.lang.String)[pri:0, instance:com.vmetry.ntl.testcases.HomePageTest@d041cf] output={null}]]]>
              </value>
            </param>
          </params>
          <reporter-output>
          </reporter-output>
        </test-method> <!-- teardown -->
      </class> <!-- com.vmetry.ntl.testcases.HomePageTest -->
    </test> <!-- Default test -->
  </suite> <!-- Default suite -->
</testng-results>
